Removed Pin From Net: NetName=GND Pin=U3-4
Removed Pin From Net: NetName=GND Pin=U3-4
Removed Pin From Net: NetName=GND Pin=U3-4
Removed Pin From Net: NetName=GND Pin=U3-4
Change Component Comment : Designator=C7 Old Comment=Condensateur New Comment=1µF
Change Component Comment : Designator=C8 Old Comment=Condensateur New Comment=1µF
Change Component Comment : Designator=C4 Old Comment=Condensateur New Comment=7pF
Change Component Comment : Designator=C5 Old Comment=Condensateur New Comment=7pF
Change Component Comment : Designator=C1 Old Comment=Condensateur New Comment=18pF
Change Component Comment : Designator=C3 Old Comment=Condensateur New Comment=18pF
Change Component Comment : Designator=C2 Old Comment=Condensateur New Comment=100nF
Change Component Comment : Designator=C6 Old Comment=Condensateur New Comment=100nF
Change Component Comment : Designator=C9 Old Comment=Condensateur New Comment=100nF
Change Component Comment : Designator=R2 Old Comment=Resistance New Comment=1K5
Change Component Comment : Designator=R12 Old Comment=Resistance New Comment=1K5
Change Component Comment : Designator=R3 Old Comment=Resistance New Comment=1M
Change Component Comment : Designator=R4 Old Comment=Resistance New Comment=1M
Change Component Comment : Designator=R14 Old Comment=Resistance New Comment=22K
Change Component Comment : Designator=R15 Old Comment=Resistance New Comment=22K
Change Component Comment : Designator=R8 Old Comment=Resistance New Comment=33R
Change Component Comment : Designator=R9 Old Comment=Resistance New Comment=33R
Change Component Comment : Designator=R7 Old Comment=Resistance New Comment=47R
Change Component Comment : Designator=R11 Old Comment=Resistance New Comment=47R
Change Component Comment : Designator=R5 Old Comment=Resistance New Comment=100K
Change Component Comment : Designator=R10 Old Comment=Resistance New Comment=100K
Change Component Comment : Designator=R1 Old Comment=Resistance New Comment=100R
Change Component Comment : Designator=R6 Old Comment=Resistance New Comment=150R
Change Component Comment : Designator=R13 Old Comment=Resistance New Comment=150R
Added Component: Designator=C10(0805)
Add component. Clean all parameters for all variants
Added Component: Designator=C11(0805)
Add component. Clean all parameters for all variants
Added Pin To Net: NetName=VDD Pin=C10-1
Added Pin To Net: NetName=GND Pin=C10-2
Added Pin To Net: NetName=VDD Pin=C11-1
Added Pin To Net: NetName=GND Pin=C11-2
Added Member To Class: ClassName=Sheet1 Member=Component C10 10 µF
Added Member To Class: ClassName=Sheet1 Member=Component C11 100 nF
