Added Component: Designator=*(BP)
Add component. Clean all parameters for all variants
Added Component: Designator=C1(1206(C))
Add component. Clean all parameters for all variants
Added Component: Designator=C2(1206(C))
Add component. Clean all parameters for all variants
Added Component: Designator=C3(1206(C))
Add component. Clean all parameters for all variants
Added Component: Designator=C4(1206(C))
Add component. Clean all parameters for all variants
Added Component: Designator=C5(1206(C))
Add component. Clean all parameters for all variants
Added Component: Designator=C6(1206(C))
Add component. Clean all parameters for all variants
Added Component: Designator=C7(1206(C))
Add component. Clean all parameters for all variants
Added Component: Designator=C8(1206(C))
Add component. Clean all parameters for all variants
Added Component: Designator=D1(led)
Add component. Clean all parameters for all variants
Added Component: Designator=D2(led)
Add component. Clean all parameters for all variants
Added Component: Designator=J1(Header 8)
Add component. Clean all parameters for all variants
Added Component: Designator=J2(Header 8)
Add component. Clean all parameters for all variants
Added Component: Designator=J3(Header 8)
Add component. Clean all parameters for all variants
Added Component: Designator=J4(Header 8)
Add component. Clean all parameters for all variants
Added Component: Designator=R1(1206(R))
Add component. Clean all parameters for all variants
Added Component: Designator=R2(1206(R))
Add component. Clean all parameters for all variants
Added Component: Designator=R3(1206(R))
Add component. Clean all parameters for all variants
Added Component: Designator=R4(1206(R))
Add component. Clean all parameters for all variants
Added Component: Designator=R5(1206(R))
Add component. Clean all parameters for all variants
Added Component: Designator=R6(1206(R))
Add component. Clean all parameters for all variants
Added Component: Designator=R7(1206(R))
Add component. Clean all parameters for all variants
Added Component: Designator=R8(1206(R))
Add component. Clean all parameters for all variants
Added Component: Designator=R9(1206(R))
Add component. Clean all parameters for all variants
Added Component: Designator=R10(1206(R))
Add component. Clean all parameters for all variants
Added Component: Designator=R11(1206(R))
Add component. Clean all parameters for all variants
Added Component: Designator=R12(1206(R))
Add component. Clean all parameters for all variants
Added Component: Designator=R13(1206(R))
Add component. Clean all parameters for all variants
Added Component: Designator=R14(1206(R))
Add component. Clean all parameters for all variants
Added Component: Designator=R15(1206(R))
Add component. Clean all parameters for all variants
Added Component: Designator=T1(Transistor)
Add component. Clean all parameters for all variants
Added Component: Designator=U1(MC9S08JS16)
Add component. Clean all parameters for all variants
Added Component: Designator=U2(SN74LV125AD)
Add component. Clean all parameters for all variants
Added Component: Designator=U3(USB)
Add component. Clean all parameters for all variants
Added Component: Designator=U4(Regulator)
Add component. Clean all parameters for all variants
Added Component: Designator=U5(MC9S08QE16)
Add component. Clean all parameters for all variants
Added Component: Designator=Y1(Quartz)
Add component. Clean all parameters for all variants
Added Component: Designator=Y2(Quartz)
Add component. Clean all parameters for all variants
Added Pin To Net: NetName=BKGD_DRV Pin=U1-4
Added Pin To Net: NetName=BKGD_DRV Pin=U1-9
Added Pin To Net: NetName=BKGD_DRV Pin=U2-5
Added Net: Name=BKGD_DRV
Added Pin To Net: NetName=BKGD_I Pin=R2-1
Added Pin To Net: NetName=BKGD_I Pin=T1-2
Added Pin To Net: NetName=BKGD_I Pin=U1-8
Added Pin To Net: NetName=BKGD_I Pin=U2-8
Added Net: Name=BKGD_I
Added Pin To Net: NetName=BKGD_O Pin=U1-20
Added Pin To Net: NetName=BKGD_O Pin=U2-4
Added Net: Name=BKGD_O
Added Pin To Net: NetName=BKGD Pin=R5-2
Added Pin To Net: NetName=BKGD Pin=R7-1
Added Pin To Net: NetName=BKGD Pin=T1-3
Added Pin To Net: NetName=BKGD Pin=U5-32
Added Net: Name=BKGD
Added Pin To Net: NetName=EXTAL Pin=C4-2
Added Pin To Net: NetName=EXTAL Pin=R4-1
Added Pin To Net: NetName=EXTAL Pin=U5-7
Added Pin To Net: NetName=EXTAL Pin=Y2-2
Added Net: Name=EXTAL
Added Pin To Net: NetName=GND Pin=*-3
Added Pin To Net: NetName=GND Pin=*-4
Added Pin To Net: NetName=GND Pin=C1-2
Added Pin To Net: NetName=GND Pin=C2-1
Added Pin To Net: NetName=GND Pin=C3-2
Added Pin To Net: NetName=GND Pin=C4-1
Added Pin To Net: NetName=GND Pin=C5-1
Added Pin To Net: NetName=GND Pin=C6-2
Added Pin To Net: NetName=GND Pin=C7-1
Added Pin To Net: NetName=GND Pin=C8-1
Added Pin To Net: NetName=GND Pin=J1-1
Added Pin To Net: NetName=GND Pin=J2-2
Added Pin To Net: NetName=GND Pin=J3-1
Added Pin To Net: NetName=GND Pin=J4-1
Added Pin To Net: NetName=GND Pin=U1-3
Added Pin To Net: NetName=GND Pin=U1-14
Added Pin To Net: NetName=GND Pin=U2-7
Added Pin To Net: NetName=GND Pin=U3-4
Added Pin To Net: NetName=GND Pin=U3-4
Added Pin To Net: NetName=GND Pin=U3-4
Added Pin To Net: NetName=GND Pin=U3-4
Added Pin To Net: NetName=GND Pin=U3-4
Added Pin To Net: NetName=GND Pin=U3-4
Added Pin To Net: NetName=GND Pin=U3-4
Added Pin To Net: NetName=GND Pin=U4-2
Added Pin To Net: NetName=GND Pin=U4-3
Added Pin To Net: NetName=GND Pin=U5-5
Added Pin To Net: NetName=GND Pin=U5-6
Added Net: Name=GND
Added Pin To Net: NetName=MISO Pin=J1-5
Added Pin To Net: NetName=MISO Pin=J3-5
Added Pin To Net: NetName=MISO Pin=J4-5
Added Pin To Net: NetName=MISO Pin=U5-10
Added Net: Name=MISO
Added Pin To Net: NetName=MOSI Pin=J1-6
Added Pin To Net: NetName=MOSI Pin=J3-6
Added Pin To Net: NetName=MOSI Pin=J4-6
Added Pin To Net: NetName=MOSI Pin=U5-15
Added Net: Name=MOSI
Added Pin To Net: NetName=NetC1_1 Pin=C1-1
Added Pin To Net: NetName=NetC1_1 Pin=R3-2
Added Pin To Net: NetName=NetC1_1 Pin=U1-1
Added Pin To Net: NetName=NetC1_1 Pin=Y1-2
Added Net: Name=NetC1_1
Added Pin To Net: NetName=NetC3_1 Pin=C3-1
Added Pin To Net: NetName=NetC3_1 Pin=R3-1
Added Pin To Net: NetName=NetC3_1 Pin=U1-2
Added Pin To Net: NetName=NetC3_1 Pin=Y1-1
Added Net: Name=NetC3_1
Added Pin To Net: NetName=NetD1_1 Pin=D1-1
Added Pin To Net: NetName=NetD1_1 Pin=R6-1
Added Net: Name=NetD1_1
Added Pin To Net: NetName=NetD1_2 Pin=D1-2
Added Pin To Net: NetName=NetD1_2 Pin=U1-6
Added Net: Name=NetD1_2
Added Pin To Net: NetName=NetD2_1 Pin=D2-1
Added Pin To Net: NetName=NetD2_1 Pin=R13-1
Added Net: Name=NetD2_1
Added Pin To Net: NetName=NetD2_2 Pin=D2-2
Added Pin To Net: NetName=NetD2_2 Pin=U5-3
Added Net: Name=NetD2_2
Added Pin To Net: NetName=NetR7_2 Pin=R7-2
Added Pin To Net: NetName=NetR7_2 Pin=U2-6
Added Pin To Net: NetName=NetR7_2 Pin=U2-9
Added Pin To Net: NetName=NetR7_2 Pin=U2-10
Added Net: Name=NetR7_2
Added Pin To Net: NetName=NetR8_1 Pin=R8-1
Added Pin To Net: NetName=NetR8_1 Pin=U1-15
Added Net: Name=NetR8_1
Added Pin To Net: NetName=NetR8_2 Pin=R8-2
Added Pin To Net: NetName=NetR8_2 Pin=U3-2
Added Net: Name=NetR8_2
Added Pin To Net: NetName=NetR9_1 Pin=R9-1
Added Pin To Net: NetName=NetR9_1 Pin=U1-16
Added Net: Name=NetR9_1
Added Pin To Net: NetName=NetR9_2 Pin=R9-2
Added Pin To Net: NetName=NetR9_2 Pin=U3-3
Added Net: Name=NetR9_2
Added Pin To Net: NetName=NetR11_2 Pin=R11-2
Added Pin To Net: NetName=NetR11_2 Pin=U2-1
Added Pin To Net: NetName=NetR11_2 Pin=U2-2
Added Pin To Net: NetName=NetR11_2 Pin=U2-11
Added Net: Name=NetR11_2
Added Pin To Net: NetName=NetR12_2 Pin=R12-2
Added Pin To Net: NetName=NetR12_2 Pin=T1-1
Added Net: Name=NetR12_2
Added Pin To Net: NetName=RESET Pin=*-1
Added Pin To Net: NetName=RESET Pin=*-2
Added Pin To Net: NetName=RESET Pin=C2-2
Added Pin To Net: NetName=RESET Pin=R1-1
Added Pin To Net: NetName=RESET Pin=R10-2
Added Pin To Net: NetName=RESET Pin=R11-1
Added Pin To Net: NetName=RESET Pin=U5-31
Added Net: Name=RESET
Added Pin To Net: NetName=RST_I Pin=U1-11
Added Pin To Net: NetName=RST_I Pin=U2-3
Added Net: Name=RST_I
Added Pin To Net: NetName=RST_O Pin=U1-12
Added Pin To Net: NetName=RST_O Pin=U2-12
Added Net: Name=RST_O
Added Pin To Net: NetName=SCLK Pin=J1-7
Added Pin To Net: NetName=SCLK Pin=J3-7
Added Pin To Net: NetName=SCLK Pin=J4-7
Added Pin To Net: NetName=SCLK Pin=U5-16
Added Net: Name=SCLK
Added Pin To Net: NetName=SCL Pin=J2-3
Added Pin To Net: NetName=SCL Pin=R14-1
Added Pin To Net: NetName=SCL Pin=U5-23
Added Net: Name=SCL
Added Pin To Net: NetName=SDA Pin=J2-4
Added Pin To Net: NetName=SDA Pin=R15-1
Added Pin To Net: NetName=SDA Pin=U5-24
Added Net: Name=SDA
Added Pin To Net: NetName=SS*1 Pin=J3-4
Added Pin To Net: NetName=SS*1 Pin=U5-11
Added Net: Name=SS*1
Added Pin To Net: NetName=SS*2 Pin=J4-4
Added Pin To Net: NetName=SS*2 Pin=U5-12
Added Net: Name=SS*2
Added Pin To Net: NetName=SS*3 Pin=J1-4
Added Pin To Net: NetName=SS*3 Pin=U5-13
Added Net: Name=SS*3
Added Pin To Net: NetName=VDD Pin=C6-1
Added Pin To Net: NetName=VDD Pin=C8-2
Added Pin To Net: NetName=VDD Pin=J1-3
Added Pin To Net: NetName=VDD Pin=J2-1
Added Pin To Net: NetName=VDD Pin=J3-3
Added Pin To Net: NetName=VDD Pin=J4-3
Added Pin To Net: NetName=VDD Pin=R1-2
Added Pin To Net: NetName=VDD Pin=R5-1
Added Pin To Net: NetName=VDD Pin=R10-1
Added Pin To Net: NetName=VDD Pin=R13-2
Added Pin To Net: NetName=VDD Pin=R14-2
Added Pin To Net: NetName=VDD Pin=R15-2
Added Pin To Net: NetName=VDD Pin=U2-14
Added Pin To Net: NetName=VDD Pin=U4-5
Added Pin To Net: NetName=VDD Pin=U5-4
Added Net: Name=VDD
Added Pin To Net: NetName=VUSB Pin=C7-2
Added Pin To Net: NetName=VUSB Pin=R2-2
Added Pin To Net: NetName=VUSB Pin=R6-2
Added Pin To Net: NetName=VUSB Pin=R12-1
Added Pin To Net: NetName=VUSB Pin=U3-1
Added Pin To Net: NetName=VUSB Pin=U4-1
Added Net: Name=VUSB
Added Pin To Net: NetName=XTAL Pin=C5-2
Added Pin To Net: NetName=XTAL Pin=R4-2
Added Pin To Net: NetName=XTAL Pin=U5-8
Added Pin To Net: NetName=XTAL Pin=Y2-1
Added Net: Name=XTAL
Added Class: Name=Sheet1
