Removed Pin From Net: NetName=Tx Pin=J1-2
Removed Pin From Net: NetName=Rx Pin=J1-3
Change Component Footprint: Designator=C1 Old Footprint=1206(C) New Footprint=0805
Change Component Footprint: Designator=C2 Old Footprint=1206(C) New Footprint=0805
Change Component Footprint: Designator=C3 Old Footprint=1206(C) New Footprint=0805
Change Component Footprint: Designator=C4 Old Footprint=1206(C) New Footprint=0805
Change Component Footprint: Designator=C5 Old Footprint=1206(C) New Footprint=0805
Change Component Footprint: Designator=C6 Old Footprint=1206(C) New Footprint=0805
Change Component Footprint: Designator=C7 Old Footprint=1206(C) New Footprint=0805
Change Component Footprint: Designator=C8 Old Footprint=1206(C) New Footprint=0805
Change Component Footprint: Designator=C9 Old Footprint=1206(C) New Footprint=0805
Change Component Footprint: Designator=R1 Old Footprint=1206(R) New Footprint=0805
Change Component Footprint: Designator=R2 Old Footprint=1206(R) New Footprint=0805
Change Component Footprint: Designator=R3 Old Footprint=1206(R) New Footprint=0805
Change Component Footprint: Designator=R4 Old Footprint=1206(R) New Footprint=0805
Change Component Footprint: Designator=R5 Old Footprint=1206(R) New Footprint=0805
Change Component Footprint: Designator=R6 Old Footprint=1206(R) New Footprint=0805
Change Component Footprint: Designator=R7 Old Footprint=1206(R) New Footprint=0805
Change Component Footprint: Designator=R8 Old Footprint=1206(R) New Footprint=0805
Change Component Footprint: Designator=R9 Old Footprint=1206(R) New Footprint=0805
Change Component Footprint: Designator=R10 Old Footprint=1206(R) New Footprint=0805
Change Component Footprint: Designator=R11 Old Footprint=1206(R) New Footprint=0805
Change Component Footprint: Designator=R12 Old Footprint=1206(R) New Footprint=0805
Change Component Footprint: Designator=R13 Old Footprint=1206(R) New Footprint=0805
Change Component Footprint: Designator=R14 Old Footprint=1206(R) New Footprint=0805
Change Component Footprint: Designator=R15 Old Footprint=1206(R) New Footprint=0805
Change Component Footprint: Designator=J1 Old Footprint=HEADER 3 New Footprint=Header 4
Change Component Comment : Designator=R2 Old Comment=1K5 New Comment=Resistance
Change Component Comment : Designator=R12 Old Comment=1K5 New Comment=Resistance
Change Component Comment : Designator=R3 Old Comment=1M New Comment=Resistance
Change Component Comment : Designator=R4 Old Comment=1M New Comment=Resistance
Change Component Comment : Designator=C7 Old Comment=1 µF New Comment=Condensateur
Change Component Comment : Designator=C8 Old Comment=1 µF New Comment=Condensateur
Change Component Comment : Designator=C4 Old Comment=7 pF New Comment=Condensateur
Change Component Comment : Designator=C5 Old Comment=7 pF New Comment=Condensateur
Change Component Comment : Designator=C1 Old Comment=18 pF New Comment=Condensateur
Change Component Comment : Designator=C3 Old Comment=18 pF New Comment=Condensateur
Change Component Comment : Designator=R14 Old Comment=22k New Comment=Resistance
Change Component Comment : Designator=R15 Old Comment=22K New Comment=Resistance
Change Component Comment : Designator=R8 Old Comment=33R New Comment=Resistance
Change Component Comment : Designator=R9 Old Comment=33R New Comment=Resistance
Change Component Comment : Designator=R7 Old Comment=47R New Comment=Resistance
Change Component Comment : Designator=R11 Old Comment=47R New Comment=Resistance
Change Component Comment : Designator=R5 Old Comment=100K New Comment=Resistance
Change Component Comment : Designator=R10 Old Comment=100K New Comment=Resistance
Change Component Comment : Designator=C2 Old Comment=100 nF New Comment=Condensateur
Change Component Comment : Designator=C6 Old Comment=100nF New Comment=Condensateur
Change Component Comment : Designator=C9 Old Comment=100 nF New Comment=Condensateur
Change Component Comment : Designator=R1 Old Comment=100R New Comment=Resistance
Change Component Comment : Designator=R6 Old Comment=150R New Comment=Resistance
Change Component Comment : Designator=R13 Old Comment=150R New Comment=Resistance
Change Component Comment : Designator=J1 Old Comment=Header 3 New Comment=Header 4
Change Component Comment : Designator=U4 Old Comment=Regulator New Comment=LD39015M33R
Added Pin To Net: NetName=Rx Pin=J1-2
Added Pin To Net: NetName=Tx Pin=J1-3
Added Pin To Net: NetName=VDD Pin=J1-4
Change Net Name : Old Net Name=DATA_N New Net Name=NetR8_1
Change Net Name : Old Net Name=DATA_P New Net Name=NetR9_1
Change Net Name : Old Net Name=DATA_USB_N New Net Name=NetR8_2
Change Net Name : Old Net Name=DATA_USB_P New Net Name=NetR9_2
Added Member To Class: ClassName=Sheet1 Member=Component J1 Header 4
